2025-06-15T19:11:15.756+03:00  INFO 32884 --- [job-service] [main] com.jobapp.job.JobApplication            : Starting JobApplication using Java 24.0.1 with PID 32884 (D:\Java Workspace\JobApp-Demo\JobApp-MicroService\job\target\classes started by dinoc in D:\Java Workspace\JobApp-Demo\JobApp-MicroService)
2025-06-15T19:11:15.759+03:00  INFO 32884 --- [job-service] [main] com.jobapp.job.JobApplication            : No active profile set, falling back to 1 default profile: "default"
2025-06-15T19:11:15.815+03:00  INFO 32884 --- [job-service] [main] o.s.c.c.c.ConfigServerConfigDataLoader   : Fetching config from server at : http://localhost:8888
2025-06-15T19:11:15.815+03:00  INFO 32884 --- [job-service] [main] o.s.c.c.c.ConfigServerConfigDataLoader   : Located environment: name=job-service, profiles=[default], label=null, version=null, state=null
2025-06-15T19:11:17.414+03:00  INFO 32884 --- [job-service] [main] .s.d.r.c.RepositoryConfigurationDelegate : Bootstrapping Spring Data MongoDB repositories in DEFAULT mode.
2025-06-15T19:11:17.629+03:00  INFO 32884 --- [job-service] [main] .s.d.r.c.RepositoryConfigurationDelegate : Finished Spring Data repository scanning in 206 ms. Found 1 MongoDB repository interface.
2025-06-15T19:11:17.982+03:00  INFO 32884 --- [job-service] [main] faultConfiguringBeanFactoryPostProcessor : No bean named 'errorChannel' has been explicitly defined. Therefore, a default PublishSubscribeChannel will be created.
2025-06-15T19:11:17.998+03:00  INFO 32884 --- [job-service] [main] faultConfiguringBeanFactoryPostProcessor : No bean named 'integrationHeaderChannelRegistry' has been explicitly defined. Therefore, a default DefaultHeaderChannelRegistry will be created.
2025-06-15T19:11:18.159+03:00  INFO 32884 --- [job-service] [main] o.s.cloud.context.scope.GenericScope     : BeanFactory id=9fccae1d-d001-364d-ac9e-6cdf133991c1
2025-06-15T19:11:18.688+03:00  INFO 32884 --- [job-service] [main] o.s.b.w.embedded.tomcat.TomcatWebServer  : Tomcat initialized with port 8082 (http)
2025-06-15T19:11:18.707+03:00  INFO 32884 --- [job-service] [main] o.apache.catalina.core.StandardService   : Starting service [Tomcat]
2025-06-15T19:11:18.708+03:00  INFO 32884 --- [job-service] [main] o.apache.catalina.core.StandardEngine    : Starting Servlet engine: [Apache Tomcat/10.1.41]
2025-06-15T19:11:18.786+03:00  INFO 32884 --- [job-service] [main] o.a.c.c.C.[Tomcat].[localhost].[/]       : Initializing Spring embedded WebApplicationContext
2025-06-15T19:11:18.786+03:00  INFO 32884 --- [job-service] [main] w.s.c.ServletWebServerApplicationContext : Root WebApplicationContext: initialization completed in 2968 ms
2025-06-15T19:11:19.504+03:00  INFO 32884 --- [job-service] [main] org.mongodb.driver.client                : MongoClient with metadata {"driver": {"name": "mongo-java-driver|sync|spring-boot", "version": "5.4.0"}, "os": {"type": "Windows", "name": "Windows 11", "architecture": "amd64", "version": "10.0"}, "platform": "Java/Oracle Corporation/24.0.1+9-30"} created with settings MongoClientSettings{readPreference=primary, writeConcern=WriteConcern{w=null, wTimeout=null ms, journal=null}, retryWrites=true, retryReads=true, readConcern=ReadConcern{level=null}, credential=null, transportSettings=null, commandListeners=[io.micrometer.core.instrument.binder.mongodb.MongoMetricsCommandListener@4c114687], codecRegistry=ProvidersCodecRegistry{codecProviders=[ValueCodecProvider{}, BsonValueCodecProvider{}, DBRefCodecProvider{}, DBObjectCodecProvider{}, DocumentCodecProvider{}, CollectionCodecProvider{}, IterableCodecProvider{}, MapCodecProvider{}, GeoJsonCodecProvider{}, GridFSFileCodecProvider{}, Jsr310CodecProvider{}, JsonObjectCodecProvider{}, BsonCodecProvider{}, EnumCodecProvider{}, com.mongodb.client.model.mql.ExpressionCodecProvider@2a60981c, com.mongodb.Jep395RecordCodecProvider@3f1fb139, com.mongodb.KotlinCodecProvider@7057dbda]}, loggerSettings=LoggerSettings{maxDocumentLength=1000}, clusterSettings={hosts=[localhost:27017], srvServiceName=mongodb, mode=SINGLE, requiredClusterType=UNKNOWN, requiredReplicaSetName='null', serverSelector='null', clusterListeners='[]', serverSelectionTimeout='30000 ms', localThreshold='15 ms'}, socketSettings=SocketSettings{connectTimeoutMS=10000, readTimeoutMS=0, receiveBufferSize=0, proxySettings=ProxySettings{host=null, port=null, username=null, password=null}}, heartbeatSocketSettings=SocketSettings{connectTimeoutMS=10000, readTimeoutMS=10000, receiveBufferSize=0, proxySettings=ProxySettings{host=null, port=null, username=null, password=null}}, connectionPoolSettings=ConnectionPoolSettings{maxSize=100, minSize=0, maxWaitTimeMS=120000, maxConnectionLifeTimeMS=0, maxConnectionIdleTimeMS=0, maintenanceInitialDelayMS=0, maintenanceFrequencyMS=60000, connectionPoolListeners=[io.micrometer.core.instrument.binder.mongodb.MongoMetricsConnectionPoolListener@36349e29], maxConnecting=2}, serverSettings=ServerSettings{heartbeatFrequencyMS=10000, minHeartbeatFrequencyMS=500, serverMonitoringMode=AUTO, serverListeners='[]', serverMonitorListeners='[]'}, sslSettings=SslSettings{enabled=false, invalidHostNameAllowed=false, context=null}, applicationName='null', compressorList=[], uuidRepresentation=JAVA_LEGACY, serverApi=null, autoEncryptionSettings=null, dnsClient=null, inetAddressResolver=null, contextProvider=null, timeoutMS=null}
2025-06-15T19:11:19.535+03:00  INFO 32884 --- [job-service] [cluster-ClusterId{value='684ef0a7fa866615c80d5da7', description='null'}-localhost:27017] org.mongodb.driver.cluster               : Monitor thread successfully connected to server with description ServerDescription{address=localhost:27017, type=STANDALONE, cryptd=false, state=CONNECTED, ok=true, minWireVersion=0, maxWireVersion=25, maxDocumentSize=16777216, logicalSessionTimeoutMinutes=30, roundTripTimeNanos=46933100, minRoundTripTimeNanos=0}
2025-06-15T19:11:19.625+03:00  WARN 32884 --- [job-service] [main] o.s.data.convert.CustomConversions       : Registering converter from interface java.util.List to interface org.springframework.data.domain.Vector as reading converter although it doesn't convert from a store-supported type; You might want to check your annotation setup at the converter implementation
2025-06-15T19:11:20.218+03:00  WARN 32884 --- [job-service] [main] o.s.data.convert.CustomConversions       : Registering converter from interface java.util.List to interface org.springframework.data.domain.Vector as reading converter although it doesn't convert from a store-supported type; You might want to check your annotation setup at the converter implementation
2025-06-15T19:11:21.627+03:00  WARN 32884 --- [job-service] [main] c.f.c.c.BeanFactoryAwareFunctionRegistry : Failed to locate function 'busConsumer' for function definition 'busConsumer'. Returning null.
2025-06-15T19:11:21.732+03:00  INFO 32884 --- [job-service] [main] o.s.c.s.m.DirectWithAttributesChannel    : Channel 'job-service.springCloudBusInput' has 1 subscriber(s).
2025-06-15T19:11:22.132+03:00  INFO 32884 --- [job-service] [main] DiscoveryClientOptionalArgsConfiguration : Eureka HTTP Client uses RestTemplate.
2025-06-15T19:11:22.217+03:00  WARN 32884 --- [job-service] [main] iguration$LoadBalancerCaffeineWarnLogger : Spring Cloud LoadBalancer is currently working with the default cache. While this cache implementation is useful for development and tests, it's recommended to use Caffeine cache in production.You can switch to using Caffeine cache, by adding it and org.springframework.cache.caffeine.CaffeineCacheManager to the classpath.
2025-06-15T19:11:22.231+03:00  INFO 32884 --- [job-service] [main] o.s.b.a.e.web.EndpointLinksResolver      : Exposing 24 endpoints beneath base path '/actuator'
2025-06-15T19:11:22.430+03:00  INFO 32884 --- [job-service] [main] figuration$IntegrationJmxConfiguration$1 : Registering MessageChannel errorChannel
2025-06-15T19:11:22.438+03:00  INFO 32884 --- [job-service] [main] figuration$IntegrationJmxConfiguration$1 : Registering MessageChannel springCloudBusInput
2025-06-15T19:11:22.446+03:00  INFO 32884 --- [job-service] [main] figuration$IntegrationJmxConfiguration$1 : Registering MessageChannel nullChannel
2025-06-15T19:11:22.454+03:00  INFO 32884 --- [job-service] [main] figuration$IntegrationJmxConfiguration$1 : Registering MessageHandler _org.springframework.integration.errorLogger
2025-06-15T19:11:22.472+03:00  INFO 32884 --- [job-service] [main] o.s.i.endpoint.EventDrivenConsumer       : Adding {logging-channel-adapter:_org.springframework.integration.errorLogger} as a subscriber to the 'errorChannel' channel
2025-06-15T19:11:22.472+03:00  INFO 32884 --- [job-service] [main] o.s.i.channel.PublishSubscribeChannel    : Channel 'job-service.errorChannel' has 1 subscriber(s).
2025-06-15T19:11:22.473+03:00  INFO 32884 --- [job-service] [main] o.s.i.endpoint.EventDrivenConsumer       : started bean '_org.springframework.integration.errorLogger'
2025-06-15T19:11:22.555+03:00  INFO 32884 --- [job-service] [main] o.s.c.n.eureka.InstanceInfoFactory       : Setting initial instance status as: STARTING
2025-06-15T19:11:22.602+03:00  INFO 32884 --- [job-service] [main] com.netflix.discovery.DiscoveryClient    : Initializing Eureka in region us-east-1
2025-06-15T19:11:22.610+03:00  INFO 32884 --- [job-service] [main] c.n.d.s.r.aws.ConfigClusterResolver      : Resolving eureka endpoints via configuration
2025-06-15T19:11:22.627+03:00  INFO 32884 --- [job-service] [main] com.netflix.discovery.DiscoveryClient    : Disable delta property : false
2025-06-15T19:11:22.629+03:00  INFO 32884 --- [job-service] [main] com.netflix.discovery.DiscoveryClient    : Single vip registry refresh property : null
2025-06-15T19:11:22.629+03:00  INFO 32884 --- [job-service] [main] com.netflix.discovery.DiscoveryClient    : Force full registry fetch : false
2025-06-15T19:11:22.630+03:00  INFO 32884 --- [job-service] [main] com.netflix.discovery.DiscoveryClient    : Application is null : false
2025-06-15T19:11:22.630+03:00  INFO 32884 --- [job-service] [main] com.netflix.discovery.DiscoveryClient    : Registered Applications size is zero : true
2025-06-15T19:11:22.630+03:00  INFO 32884 --- [job-service] [main] com.netflix.discovery.DiscoveryClient    : Application version is -1: true
2025-06-15T19:11:22.630+03:00  INFO 32884 --- [job-service] [main] com.netflix.discovery.DiscoveryClient    : Getting all instance registry info from the eureka server
2025-06-15T19:11:23.011+03:00  INFO 32884 --- [job-service] [main] com.netflix.discovery.DiscoveryClient    : The response status is 200
2025-06-15T19:11:23.014+03:00  INFO 32884 --- [job-service] [main] com.netflix.discovery.DiscoveryClient    : Starting heartbeat executor: renew interval is: 30
2025-06-15T19:11:23.017+03:00  INFO 32884 --- [job-service] [main] c.n.discovery.InstanceInfoReplicator     : InstanceInfoReplicator onDemand update allowed rate per min is 4
2025-06-15T19:11:23.020+03:00  INFO 32884 --- [job-service] [main] com.netflix.discovery.DiscoveryClient    : Discovery Client initialized at timestamp 1750003883019 with initial instances count: 1
2025-06-15T19:11:23.026+03:00  INFO 32884 --- [job-service] [main] o.s.c.n.e.s.EurekaServiceRegistry        : Registering application JOB-SERVICE with eureka with status UP
2025-06-15T19:11:23.028+03:00  INFO 32884 --- [job-service] [main] com.netflix.discovery.DiscoveryClient    : Saw local status change event StatusChangeEvent [timestamp=1750003883028, current=UP, previous=STARTING]
2025-06-15T19:11:23.031+03:00  INFO 32884 --- [job-service] [DiscoveryClient-InstanceInfoReplicator-%d] com.netflix.discovery.DiscoveryClient    : DiscoveryClient_JOB-SERVICE/Dincer.mshome.net:job-service:8082: registering service...
2025-06-15T19:11:23.033+03:00  INFO 32884 --- [job-service] [main] o.s.c.s.binder.DefaultBinderFactory      : Creating binder: rabbit
2025-06-15T19:11:23.034+03:00  INFO 32884 --- [job-service] [main] o.s.c.s.binder.DefaultBinderFactory      : Constructing binder child context for rabbit
2025-06-15T19:11:23.097+03:00  INFO 32884 --- [job-service] [DiscoveryClient-InstanceInfoReplicator-%d] com.netflix.discovery.DiscoveryClient    : DiscoveryClient_JOB-SERVICE/Dincer.mshome.net:job-service:8082 - registration status: 204
2025-06-15T19:11:23.244+03:00  INFO 32884 --- [job-service] [main] o.s.c.s.binder.DefaultBinderFactory      : Caching the binder: rabbit
2025-06-15T19:11:23.283+03:00  INFO 32884 --- [job-service] [main] c.s.b.r.p.RabbitExchangeQueueProvisioner : declaring queue for inbound: springCloudBus.anonymous.fLRxBtLqRBWTxxybLuxjpA, bound to: springCloudBus
2025-06-15T19:11:23.293+03:00  INFO 32884 --- [job-service] [main] o.s.a.r.c.CachingConnectionFactory       : Attempting to connect to: [localhost:5672]
2025-06-15T19:11:23.305+03:00  INFO 32884 --- [job-service] [main] o.s.a.r.c.CachingConnectionFactory       : Attempting to connect to: [localhost:5672]
2025-06-15T19:11:23.332+03:00  INFO 32884 --- [job-service] [main] o.s.a.r.c.CachingConnectionFactory       : Attempting to connect to: [localhost:5672]
2025-06-15T19:11:23.363+03:00  INFO 32884 --- [job-service] [main] o.s.c.stream.binder.BinderErrorChannel   : Channel 'rabbit-930748259.springCloudBusInput.errors' has 1 subscriber(s).
2025-06-15T19:11:23.365+03:00  INFO 32884 --- [job-service] [main] o.s.c.stream.binder.BinderErrorChannel   : Channel 'rabbit-930748259.springCloudBusInput.errors' has 2 subscriber(s).
2025-06-15T19:11:23.370+03:00  INFO 32884 --- [job-service] [main] o.s.a.r.c.CachingConnectionFactory       : Attempting to connect to: [localhost:5672]
2025-06-15T19:11:23.372+03:00  INFO 32884 --- [job-service] [main] o.s.a.r.l.SimpleMessageListenerContainer : Broker not available; cannot force queue declarations during start: java.net.ConnectException: Connection refused: getsockopt
2025-06-15T19:11:23.387+03:00  INFO 32884 --- [job-service] [springCloudBus.anonymous.fLRxBtLqRBWTxxybLuxjpA-1] o.s.a.r.c.CachingConnectionFactory       : Attempting to connect to: [localhost:5672]
2025-06-15T19:11:23.389+03:00  INFO 32884 --- [job-service] [main] o.s.i.a.i.AmqpInboundChannelAdapter      : started bean 'inbound.springCloudBus.anonymous.fLRxBtLqRBWTxxybLuxjpA'
2025-06-15T19:11:23.419+03:00  INFO 32884 --- [job-service] [main] o.s.b.w.embedded.tomcat.TomcatWebServer  : Tomcat started on port 8082 (http) with context path '/'
2025-06-15T19:11:23.420+03:00  INFO 32884 --- [job-service] [main] .s.c.n.e.s.EurekaAutoServiceRegistration : Updating port to 8082
2025-06-15T19:11:23.459+03:00  INFO 32884 --- [job-service] [main] figuration$IntegrationJmxConfiguration$1 : Registering MessageChannel rabbit-930748259.springCloudBusInput.errors
2025-06-15T19:11:23.507+03:00  INFO 32884 --- [job-service] [main] com.jobapp.job.JobApplication            : Started JobApplication in 9.203 seconds (process running for 10.424)
2025-06-15T19:11:23.916+03:00  INFO 32884 --- [job-service] [RMI TCP Connection(2)-192.168.1.104] o.s.a.r.c.CachingConnectionFactory       : Attempting to connect to: [localhost:5672]
2025-06-15T19:11:23.918+03:00  WARN 32884 --- [job-service] [RMI TCP Connection(2)-192.168.1.104] o.s.b.a.amqp.RabbitHealthIndicator       : Rabbit health check failed

org.springframework.amqp.AmqpConnectException: java.net.ConnectException: Connection refused: getsockopt
	at org.springframework.amqp.rabbit.support.RabbitExceptionTranslator.convertRabbitAccessException(RabbitExceptionTranslator.java:61) ~[spring-rabbit-3.2.5.jar:3.2.5]
	at org.springframework.amqp.rabbit.connection.AbstractConnectionFactory.createBareConnection(AbstractConnectionFactory.java:632) ~[spring-rabbit-3.2.5.jar:3.2.5]
	at org.springframework.amqp.rabbit.connection.CachingConnectionFactory.createConnection(CachingConnectionFactory.java:726) ~[spring-rabbit-3.2.5.jar:3.2.5]
	at org.springframework.amqp.rabbit.connection.ConnectionFactoryUtils.createConnection(ConnectionFactoryUtils.java:257) ~[spring-rabbit-3.2.5.jar:3.2.5]
	at org.springframework.amqp.rabbit.core.RabbitTemplate.doExecute(RabbitTemplate.java:2262) ~[spring-rabbit-3.2.5.jar:3.2.5]
	at org.springframework.amqp.rabbit.core.RabbitTemplate.execute(RabbitTemplate.java:2235) ~[spring-rabbit-3.2.5.jar:3.2.5]
	at org.springframework.amqp.rabbit.core.RabbitTemplate.execute(RabbitTemplate.java:2215) ~[spring-rabbit-3.2.5.jar:3.2.5]
	at org.springframework.boot.actuate.amqp.RabbitHealthIndicator.getVersion(RabbitHealthIndicator.java:49) ~[spring-boot-actuator-3.5.0.jar:3.5.0]
	at org.springframework.boot.actuate.amqp.RabbitHealthIndicator.doHealthCheck(RabbitHealthIndicator.java:44) ~[spring-boot-actuator-3.5.0.jar:3.5.0]
	at org.springframework.boot.actuate.health.AbstractHealthIndicator.health(AbstractHealthIndicator.java:82) ~[spring-boot-actuator-3.5.0.jar:3.5.0]
	at org.springframework.boot.actuate.health.HealthIndicator.getHealth(HealthIndicator.java:37) ~[spring-boot-actuator-3.5.0.jar:3.5.0]
	at org.springframework.boot.actuate.health.HealthEndpoint.getHealth(HealthEndpoint.java:82) ~[spring-boot-actuator-3.5.0.jar:3.5.0]
	at org.springframework.boot.actuate.health.HealthEndpoint.getHealth(HealthEndpoint.java:41) ~[spring-boot-actuator-3.5.0.jar:3.5.0]
	at org.springframework.boot.actuate.health.HealthEndpointSupport.getLoggedHealth(HealthEndpointSupport.java:172) ~[spring-boot-actuator-3.5.0.jar:3.5.0]
	at org.springframework.boot.actuate.health.HealthEndpointSupport.getContribution(HealthEndpointSupport.java:145) ~[spring-boot-actuator-3.5.0.jar:3.5.0]
	at org.springframework.boot.actuate.health.HealthEndpointSupport.getAggregateContribution(HealthEndpointSupport.java:156) ~[spring-boot-actuator-3.5.0.jar:3.5.0]
	at org.springframework.boot.actuate.health.HealthEndpointSupport.getContribution(HealthEndpointSupport.java:141) ~[spring-boot-actuator-3.5.0.jar:3.5.0]
	at org.springframework.boot.actuate.health.HealthEndpointSupport.getHealth(HealthEndpointSupport.java:110) ~[spring-boot-actuator-3.5.0.jar:3.5.0]
	at org.springframework.boot.actuate.health.HealthEndpointSupport.getHealth(HealthEndpointSupport.java:81) ~[spring-boot-actuator-3.5.0.jar:3.5.0]
	at org.springframework.boot.actuate.health.HealthEndpoint.health(HealthEndpoint.java:76) ~[spring-boot-actuator-3.5.0.jar:3.5.0]
	at org.springframework.boot.actuate.health.HealthEndpoint.health(HealthEndpoint.java:66) ~[spring-boot-actuator-3.5.0.jar:3.5.0]
	at java.base/jdk.internal.reflect.DirectMethodHandleAccessor.invoke(DirectMethodHandleAccessor.java:104) ~[na:na]
	at java.base/java.lang.reflect.Method.invoke(Method.java:565) ~[na:na]
	at org.springframework.util.ReflectionUtils.invokeMethod(ReflectionUtils.java:281) ~[spring-core-6.2.7.jar:6.2.7]
	at org.springframework.boot.actuate.endpoint.invoke.reflect.ReflectiveOperationInvoker.invoke(ReflectiveOperationInvoker.java:74) ~[spring-boot-actuator-3.5.0.jar:3.5.0]
	at org.springframework.boot.actuate.endpoint.annotation.AbstractDiscoveredOperation.invoke(AbstractDiscoveredOperation.java:60) ~[spring-boot-actuator-3.5.0.jar:3.5.0]
	at org.springframework.boot.actuate.endpoint.jmx.EndpointMBean.invoke(EndpointMBean.java:124) ~[spring-boot-actuator-3.5.0.jar:3.5.0]
	at org.springframework.boot.actuate.endpoint.jmx.EndpointMBean.invoke(EndpointMBean.java:97) ~[spring-boot-actuator-3.5.0.jar:3.5.0]
	at java.management/com.sun.jmx.interceptor.DefaultMBeanServerInterceptor.invoke(DefaultMBeanServerInterceptor.java:627) ~[na:na]
	at java.management/com.sun.jmx.mbeanserver.JmxMBeanServer.invoke(JmxMBeanServer.java:790) ~[na:na]
	at java.management.rmi/javax.management.remote.rmi.RMIConnectionImpl.doOperation(RMIConnectionImpl.java:1392) ~[na:na]
	at java.management.rmi/javax.management.remote.rmi.RMIConnectionImpl.doPrivilegedOperation(RMIConnectionImpl.java:1310) ~[na:na]
	at java.management.rmi/javax.management.remote.rmi.RMIConnectionImpl.invoke(RMIConnectionImpl.java:777) ~[na:na]
	at java.base/jdk.internal.reflect.DirectMethodHandleAccessor.invoke(DirectMethodHandleAccessor.java:104) ~[na:na]
	at java.base/java.lang.reflect.Method.invoke(Method.java:565) ~[na:na]
	at java.rmi/sun.rmi.server.UnicastServerRef.dispatch(UnicastServerRef.java:351) ~[na:na]
	at java.rmi/sun.rmi.transport.Transport.serviceCall(Transport.java:166) ~[na:na]
	at java.rmi/sun.rmi.transport.tcp.TCPTransport.handleMessages(TCPTransport.java:543) ~[na:na]
	at java.rmi/sun.rmi.transport.tcp.TCPTransport$ConnectionHandler.run0(TCPTransport.java:744) ~[na:na]
	at java.rmi/sun.rmi.transport.tcp.TCPTransport$ConnectionHandler.run(TCPTransport.java:623) ~[na:na]
	at java.base/java.util.concurrent.ThreadPoolExecutor.runWorker(ThreadPoolExecutor.java:1095) ~[na:na]
	at java.base/java.util.concurrent.ThreadPoolExecutor$Worker.run(ThreadPoolExecutor.java:619) ~[na:na]
	at java.base/java.lang.Thread.run(Thread.java:1447) ~[na:na]
Caused by: java.net.ConnectException: Connection refused: getsockopt
	at java.base/sun.nio.ch.Net.pollConnect(Native Method) ~[na:na]
	at java.base/sun.nio.ch.Net.pollConnectNow(Net.java:628) ~[na:na]
	at java.base/sun.nio.ch.NioSocketImpl.timedFinishConnect(NioSocketImpl.java:533) ~[na:na]
	at java.base/sun.nio.ch.NioSocketImpl.connect(NioSocketImpl.java:583) ~[na:na]
	at java.base/java.net.SocksSocketImpl.connect(SocksSocketImpl.java:282) ~[na:na]
	at java.base/java.net.Socket.connect(Socket.java:665) ~[na:na]
	at com.rabbitmq.client.impl.SocketFrameHandlerFactory.create(SocketFrameHandlerFactory.java:61) ~[amqp-client-5.25.0.jar:5.25.0]
	at com.rabbitmq.client.ConnectionFactory.newConnection(ConnectionFactory.java:1249) ~[amqp-client-5.25.0.jar:5.25.0]
	at com.rabbitmq.client.ConnectionFactory.newConnection(ConnectionFactory.java:1198) ~[amqp-client-5.25.0.jar:5.25.0]
	at org.springframework.amqp.rabbit.connection.AbstractConnectionFactory.connectAddresses(AbstractConnectionFactory.java:678) ~[spring-rabbit-3.2.5.jar:3.2.5]
	at org.springframework.amqp.rabbit.connection.AbstractConnectionFactory.connect(AbstractConnectionFactory.java:647) ~[spring-rabbit-3.2.5.jar:3.2.5]
	at org.springframework.amqp.rabbit.connection.AbstractConnectionFactory.createBareConnection(AbstractConnectionFactory.java:593) ~[spring-rabbit-3.2.5.jar:3.2.5]
	... 41 common frames omitted

2025-06-15T19:11:23.936+03:00  INFO 32884 --- [job-service] [RMI TCP Connection(4)-192.168.1.104] o.a.c.c.C.[Tomcat].[localhost].[/]       : Initializing Spring DispatcherServlet 'dispatcherServlet'
2025-06-15T19:11:23.937+03:00  INFO 32884 --- [job-service] [RMI TCP Connection(4)-192.168.1.104] o.s.web.servlet.DispatcherServlet        : Initializing Servlet 'dispatcherServlet'
2025-06-15T19:11:23.941+03:00  INFO 32884 --- [job-service] [RMI TCP Connection(4)-192.168.1.104] o.s.web.servlet.DispatcherServlet        : Completed initialization in 4 ms
2025-06-15T19:11:24.016+03:00  INFO 32884 --- [job-service] [RMI TCP Connection(2)-192.168.1.104] o.s.a.r.c.CachingConnectionFactory       : Attempting to connect to: [localhost:5672]
2025-06-15T19:11:24.017+03:00  WARN 32884 --- [job-service] [RMI TCP Connection(2)-192.168.1.104] o.s.b.a.amqp.RabbitHealthIndicator       : Rabbit health check failed

org.springframework.amqp.AmqpConnectException: java.net.ConnectException: Connection refused: getsockopt
	at org.springframework.amqp.rabbit.support.RabbitExceptionTranslator.convertRabbitAccessException(RabbitExceptionTranslator.java:61) ~[spring-rabbit-3.2.5.jar:3.2.5]
	at org.springframework.amqp.rabbit.connection.AbstractConnectionFactory.createBareConnection(AbstractConnectionFactory.java:632) ~[spring-rabbit-3.2.5.jar:3.2.5]
	at org.springframework.amqp.rabbit.connection.CachingConnectionFactory.createConnection(CachingConnectionFactory.java:726) ~[spring-rabbit-3.2.5.jar:3.2.5]
	at org.springframework.amqp.rabbit.connection.ConnectionFactoryUtils.createConnection(ConnectionFactoryUtils.java:257) ~[spring-rabbit-3.2.5.jar:3.2.5]
	at org.springframework.amqp.rabbit.core.RabbitTemplate.doExecute(RabbitTemplate.java:2262) ~[spring-rabbit-3.2.5.jar:3.2.5]
	at org.springframework.amqp.rabbit.core.RabbitTemplate.execute(RabbitTemplate.java:2235) ~[spring-rabbit-3.2.5.jar:3.2.5]
	at org.springframework.amqp.rabbit.core.RabbitTemplate.execute(RabbitTemplate.java:2215) ~[spring-rabbit-3.2.5.jar:3.2.5]
	at org.springframework.boot.actuate.amqp.RabbitHealthIndicator.getVersion(RabbitHealthIndicator.java:49) ~[spring-boot-actuator-3.5.0.jar:3.5.0]
	at org.springframework.boot.actuate.amqp.RabbitHealthIndicator.doHealthCheck(RabbitHealthIndicator.java:44) ~[spring-boot-actuator-3.5.0.jar:3.5.0]
	at org.springframework.boot.actuate.health.AbstractHealthIndicator.health(AbstractHealthIndicator.java:82) ~[spring-boot-actuator-3.5.0.jar:3.5.0]
	at org.springframework.boot.actuate.health.HealthIndicator.getHealth(HealthIndicator.java:37) ~[spring-boot-actuator-3.5.0.jar:3.5.0]
	at org.springframework.boot.actuate.health.HealthEndpoint.getHealth(HealthEndpoint.java:82) ~[spring-boot-actuator-3.5.0.jar:3.5.0]
	at org.springframework.boot.actuate.health.HealthEndpoint.getHealth(HealthEndpoint.java:41) ~[spring-boot-actuator-3.5.0.jar:3.5.0]
	at org.springframework.boot.actuate.health.HealthEndpointSupport.getLoggedHealth(HealthEndpointSupport.java:172) ~[spring-boot-actuator-3.5.0.jar:3.5.0]
	at org.springframework.boot.actuate.health.HealthEndpointSupport.getContribution(HealthEndpointSupport.java:145) ~[spring-boot-actuator-3.5.0.jar:3.5.0]
	at org.springframework.boot.actuate.health.HealthEndpointSupport.getAggregateContribution(HealthEndpointSupport.java:156) ~[spring-boot-actuator-3.5.0.jar:3.5.0]
	at org.springframework.boot.actuate.health.HealthEndpointSupport.getContribution(HealthEndpointSupport.java:141) ~[spring-boot-actuator-3.5.0.jar:3.5.0]
	at org.springframework.boot.actuate.health.HealthEndpointSupport.getAggregateContribution(HealthEndpointSupport.java:156) ~[spring-boot-actuator-3.5.0.jar:3.5.0]
	at org.springframework.boot.actuate.health.HealthEndpointSupport.getContribution(HealthEndpointSupport.java:141) ~[spring-boot-actuator-3.5.0.jar:3.5.0]
	at org.springframework.boot.actuate.health.HealthEndpointSupport.getHealth(HealthEndpointSupport.java:110) ~[spring-boot-actuator-3.5.0.jar:3.5.0]
	at org.springframework.boot.actuate.health.HealthEndpointSupport.getHealth(HealthEndpointSupport.java:81) ~[spring-boot-actuator-3.5.0.jar:3.5.0]
	at org.springframework.boot.actuate.health.HealthEndpoint.health(HealthEndpoint.java:76) ~[spring-boot-actuator-3.5.0.jar:3.5.0]
	at org.springframework.boot.actuate.health.HealthEndpoint.health(HealthEndpoint.java:66) ~[spring-boot-actuator-3.5.0.jar:3.5.0]
	at java.base/jdk.internal.reflect.DirectMethodHandleAccessor.invoke(DirectMethodHandleAccessor.java:104) ~[na:na]
	at java.base/java.lang.reflect.Method.invoke(Method.java:565) ~[na:na]
	at org.springframework.util.ReflectionUtils.invokeMethod(ReflectionUtils.java:281) ~[spring-core-6.2.7.jar:6.2.7]
	at org.springframework.boot.actuate.endpoint.invoke.reflect.ReflectiveOperationInvoker.invoke(ReflectiveOperationInvoker.java:74) ~[spring-boot-actuator-3.5.0.jar:3.5.0]
	at org.springframework.boot.actuate.endpoint.annotation.AbstractDiscoveredOperation.invoke(AbstractDiscoveredOperation.java:60) ~[spring-boot-actuator-3.5.0.jar:3.5.0]
	at org.springframework.boot.actuate.endpoint.jmx.EndpointMBean.invoke(EndpointMBean.java:124) ~[spring-boot-actuator-3.5.0.jar:3.5.0]
	at org.springframework.boot.actuate.endpoint.jmx.EndpointMBean.invoke(EndpointMBean.java:97) ~[spring-boot-actuator-3.5.0.jar:3.5.0]
	at java.management/com.sun.jmx.interceptor.DefaultMBeanServerInterceptor.invoke(DefaultMBeanServerInterceptor.java:627) ~[na:na]
	at java.management/com.sun.jmx.mbeanserver.JmxMBeanServer.invoke(JmxMBeanServer.java:790) ~[na:na]
	at java.management.rmi/javax.management.remote.rmi.RMIConnectionImpl.doOperation(RMIConnectionImpl.java:1392) ~[na:na]
	at java.management.rmi/javax.management.remote.rmi.RMIConnectionImpl.doPrivilegedOperation(RMIConnectionImpl.java:1310) ~[na:na]
	at java.management.rmi/javax.management.remote.rmi.RMIConnectionImpl.invoke(RMIConnectionImpl.java:777) ~[na:na]
	at java.base/jdk.internal.reflect.DirectMethodHandleAccessor.invoke(DirectMethodHandleAccessor.java:104) ~[na:na]
	at java.base/java.lang.reflect.Method.invoke(Method.java:565) ~[na:na]
	at java.rmi/sun.rmi.server.UnicastServerRef.dispatch(UnicastServerRef.java:351) ~[na:na]
	at java.rmi/sun.rmi.transport.Transport.serviceCall(Transport.java:166) ~[na:na]
	at java.rmi/sun.rmi.transport.tcp.TCPTransport.handleMessages(TCPTransport.java:543) ~[na:na]
	at java.rmi/sun.rmi.transport.tcp.TCPTransport$ConnectionHandler.run0(TCPTransport.java:744) ~[na:na]
	at java.rmi/sun.rmi.transport.tcp.TCPTransport$ConnectionHandler.run(TCPTransport.java:623) ~[na:na]
	at java.base/java.util.concurrent.ThreadPoolExecutor.runWorker(ThreadPoolExecutor.java:1095) ~[na:na]
	at java.base/java.util.concurrent.ThreadPoolExecutor$Worker.run(ThreadPoolExecutor.java:619) ~[na:na]
	at java.base/java.lang.Thread.run(Thread.java:1447) ~[na:na]
Caused by: java.net.ConnectException: Connection refused: getsockopt
	at java.base/sun.nio.ch.Net.pollConnect(Native Method) ~[na:na]
	at java.base/sun.nio.ch.Net.pollConnectNow(Net.java:628) ~[na:na]
	at java.base/sun.nio.ch.NioSocketImpl.timedFinishConnect(NioSocketImpl.java:533) ~[na:na]
	at java.base/sun.nio.ch.NioSocketImpl.connect(NioSocketImpl.java:583) ~[na:na]
	at java.base/java.net.SocksSocketImpl.connect(SocksSocketImpl.java:282) ~[na:na]
	at java.base/java.net.Socket.connect(Socket.java:665) ~[na:na]
	at com.rabbitmq.client.impl.SocketFrameHandlerFactory.create(SocketFrameHandlerFactory.java:61) ~[amqp-client-5.25.0.jar:5.25.0]
	at com.rabbitmq.client.ConnectionFactory.newConnection(ConnectionFactory.java:1249) ~[amqp-client-5.25.0.jar:5.25.0]
	at com.rabbitmq.client.ConnectionFactory.newConnection(ConnectionFactory.java:1198) ~[amqp-client-5.25.0.jar:5.25.0]
	at org.springframework.amqp.rabbit.connection.AbstractConnectionFactory.connectAddresses(AbstractConnectionFactory.java:678) ~[spring-rabbit-3.2.5.jar:3.2.5]
	at org.springframework.amqp.rabbit.connection.AbstractConnectionFactory.connect(AbstractConnectionFactory.java:647) ~[spring-rabbit-3.2.5.jar:3.2.5]
	at org.springframework.amqp.rabbit.connection.AbstractConnectionFactory.createBareConnection(AbstractConnectionFactory.java:593) ~[spring-rabbit-3.2.5.jar:3.2.5]
	... 43 common frames omitted

2025-06-15T19:11:28.407+03:00  WARN 32884 --- [job-service] [springCloudBus.anonymous.fLRxBtLqRBWTxxybLuxjpA-1] o.s.a.r.l.SimpleMessageListenerContainer : Consumer raised exception, processing can restart if the connection factory supports it. Exception summary: org.springframework.amqp.AmqpConnectException: java.net.ConnectException: Connection refused: getsockopt
2025-06-15T19:11:28.410+03:00  INFO 32884 --- [job-service] [springCloudBus.anonymous.fLRxBtLqRBWTxxybLuxjpA-1] o.s.a.r.l.SimpleMessageListenerContainer : Restarting Consumer@3df473e8: tags=[[]], channel=null, acknowledgeMode=AUTO local queue size=0
2025-06-15T19:11:28.413+03:00  INFO 32884 --- [job-service] [springCloudBus.anonymous.fLRxBtLqRBWTxxybLuxjpA-2] o.s.a.r.c.CachingConnectionFactory       : Attempting to connect to: [localhost:5672]
2025-06-15T19:11:33.446+03:00  WARN 32884 --- [job-service] [springCloudBus.anonymous.fLRxBtLqRBWTxxybLuxjpA-2] o.s.a.r.l.SimpleMessageListenerContainer : Consumer raised exception, processing can restart if the connection factory supports it. Exception summary: org.springframework.amqp.AmqpConnectException: java.net.ConnectException: Connection refused: getsockopt
2025-06-15T19:11:33.446+03:00  INFO 32884 --- [job-service] [springCloudBus.anonymous.fLRxBtLqRBWTxxybLuxjpA-2] o.s.a.r.l.SimpleMessageListenerContainer : Restarting Consumer@605f957a: tags=[[]], channel=null, acknowledgeMode=AUTO local queue size=0
2025-06-15T19:11:33.449+03:00  INFO 32884 --- [job-service] [springCloudBus.anonymous.fLRxBtLqRBWTxxybLuxjpA-3] o.s.a.r.c.CachingConnectionFactory       : Attempting to connect to: [localhost:5672]
2025-06-15T19:11:38.591+03:00  WARN 32884 --- [job-service] [springCloudBus.anonymous.fLRxBtLqRBWTxxybLuxjpA-3] o.s.a.r.l.SimpleMessageListenerContainer : Consumer raised exception, processing can restart if the connection factory supports it. Exception summary: org.springframework.amqp.AmqpConnectException: java.net.ConnectException: Connection refused: getsockopt
2025-06-15T19:11:38.591+03:00  INFO 32884 --- [job-service] [springCloudBus.anonymous.fLRxBtLqRBWTxxybLuxjpA-3] o.s.a.r.l.SimpleMessageListenerContainer : Restarting Consumer@8893aff: tags=[[]], channel=null, acknowledgeMode=AUTO local queue size=0
2025-06-15T19:11:38.594+03:00  INFO 32884 --- [job-service] [springCloudBus.anonymous.fLRxBtLqRBWTxxybLuxjpA-4] o.s.a.r.c.CachingConnectionFactory       : Attempting to connect to: [localhost:5672]
2025-06-15T19:11:43.692+03:00  WARN 32884 --- [job-service] [springCloudBus.anonymous.fLRxBtLqRBWTxxybLuxjpA-4] o.s.a.r.l.SimpleMessageListenerContainer : Consumer raised exception, processing can restart if the connection factory supports it. Exception summary: org.springframework.amqp.AmqpConnectException: java.net.ConnectException: Connection refused: getsockopt
2025-06-15T19:11:43.692+03:00  INFO 32884 --- [job-service] [springCloudBus.anonymous.fLRxBtLqRBWTxxybLuxjpA-4] o.s.a.r.l.SimpleMessageListenerContainer : Restarting Consumer@3b67af13: tags=[[]], channel=null, acknowledgeMode=AUTO local queue size=0
2025-06-15T19:11:43.695+03:00  INFO 32884 --- [job-service] [springCloudBus.anonymous.fLRxBtLqRBWTxxybLuxjpA-5] o.s.a.r.c.CachingConnectionFactory       : Attempting to connect to: [localhost:5672]
2025-06-15T19:11:48.721+03:00  WARN 32884 --- [job-service] [springCloudBus.anonymous.fLRxBtLqRBWTxxybLuxjpA-5] o.s.a.r.l.SimpleMessageListenerContainer : Consumer raised exception, processing can restart if the connection factory supports it. Exception summary: org.springframework.amqp.AmqpConnectException: java.net.ConnectException: Connection refused: getsockopt
2025-06-15T19:11:48.721+03:00  INFO 32884 --- [job-service] [springCloudBus.anonymous.fLRxBtLqRBWTxxybLuxjpA-5] o.s.a.r.l.SimpleMessageListenerContainer : Restarting Consumer@46f4381a: tags=[[]], channel=null, acknowledgeMode=AUTO local queue size=0
2025-06-15T19:11:48.723+03:00  INFO 32884 --- [job-service] [springCloudBus.anonymous.fLRxBtLqRBWTxxybLuxjpA-6] o.s.a.r.c.CachingConnectionFactory       : Attempting to connect to: [localhost:5672]
2025-06-15T19:11:53.751+03:00  WARN 32884 --- [job-service] [springCloudBus.anonymous.fLRxBtLqRBWTxxybLuxjpA-6] o.s.a.r.l.SimpleMessageListenerContainer : Consumer raised exception, processing can restart if the connection factory supports it. Exception summary: org.springframework.amqp.AmqpConnectException: java.net.ConnectException: Connection refused: getsockopt
2025-06-15T19:11:53.751+03:00  INFO 32884 --- [job-service] [springCloudBus.anonymous.fLRxBtLqRBWTxxybLuxjpA-6] o.s.a.r.l.SimpleMessageListenerContainer : Restarting Consumer@449cdfaa: tags=[[]], channel=null, acknowledgeMode=AUTO local queue size=0
2025-06-15T19:11:53.753+03:00  INFO 32884 --- [job-service] [springCloudBus.anonymous.fLRxBtLqRBWTxxybLuxjpA-7] o.s.a.r.c.CachingConnectionFactory       : Attempting to connect to: [localhost:5672]
2025-06-15T19:11:58.772+03:00  WARN 32884 --- [job-service] [springCloudBus.anonymous.fLRxBtLqRBWTxxybLuxjpA-7] o.s.a.r.l.SimpleMessageListenerContainer : Consumer raised exception, processing can restart if the connection factory supports it. Exception summary: org.springframework.amqp.AmqpConnectException: java.net.ConnectException: Connection refused: getsockopt
2025-06-15T19:11:58.772+03:00  INFO 32884 --- [job-service] [springCloudBus.anonymous.fLRxBtLqRBWTxxybLuxjpA-7] o.s.a.r.l.SimpleMessageListenerContainer : Restarting Consumer@403c5fc6: tags=[[]], channel=null, acknowledgeMode=AUTO local queue size=0
2025-06-15T19:11:58.773+03:00  INFO 32884 --- [job-service] [springCloudBus.anonymous.fLRxBtLqRBWTxxybLuxjpA-8] o.s.a.r.c.CachingConnectionFactory       : Attempting to connect to: [localhost:5672]
2025-06-15T19:12:01.229+03:00  INFO 32884 --- [job-service] [SpringApplicationShutdownHook] o.s.c.n.e.s.EurekaServiceRegistry        : Unregistering application JOB-SERVICE with eureka with status DOWN
2025-06-15T19:12:01.229+03:00  INFO 32884 --- [job-service] [SpringApplicationShutdownHook] com.netflix.discovery.DiscoveryClient    : Saw local status change event StatusChangeEvent [timestamp=1750003921229, current=DOWN, previous=UP]
2025-06-15T19:12:01.230+03:00  INFO 32884 --- [job-service] [DiscoveryClient-InstanceInfoReplicator-%d] com.netflix.discovery.DiscoveryClient    : DiscoveryClient_JOB-SERVICE/Dincer.mshome.net:job-service:8082: registering service...
2025-06-15T19:12:01.234+03:00  INFO 32884 --- [job-service] [SpringApplicationShutdownHook] o.s.b.w.e.tomcat.GracefulShutdown        : Commencing graceful shutdown. Waiting for active requests to complete
2025-06-15T19:12:01.238+03:00  INFO 32884 --- [job-service] [DiscoveryClient-InstanceInfoReplicator-%d] com.netflix.discovery.DiscoveryClient    : DiscoveryClient_JOB-SERVICE/Dincer.mshome.net:job-service:8082 - registration status: 204
2025-06-15T19:12:01.240+03:00  INFO 32884 --- [job-service] [tomcat-shutdown] o.s.b.w.e.tomcat.GracefulShutdown        : Graceful shutdown complete
2025-06-15T19:12:01.244+03:00  INFO 32884 --- [job-service] [SpringApplicationShutdownHook] o.s.a.r.l.SimpleMessageListenerContainer : Waiting for workers to finish.
2025-06-15T19:12:01.245+03:00  INFO 32884 --- [job-service] [SpringApplicationShutdownHook] o.s.a.r.l.SimpleMessageListenerContainer : Successfully waited for workers to finish.
2025-06-15T19:12:01.245+03:00  INFO 32884 --- [job-service] [SpringApplicationShutdownHook] o.s.i.a.i.AmqpInboundChannelAdapter      : stopped bean 'inbound.springCloudBus.anonymous.fLRxBtLqRBWTxxybLuxjpA'
2025-06-15T19:12:01.249+03:00  INFO 32884 --- [job-service] [SpringApplicationShutdownHook] o.s.c.stream.binder.BinderErrorChannel   : Channel 'job-service.rabbit-930748259.springCloudBusInput.errors' has 1 subscriber(s).
2025-06-15T19:12:01.250+03:00  INFO 32884 --- [job-service] [SpringApplicationShutdownHook] o.s.c.stream.binder.BinderErrorChannel   : Channel 'job-service.rabbit-930748259.springCloudBusInput.errors' has 0 subscriber(s).
2025-06-15T19:12:01.265+03:00  INFO 32884 --- [job-service] [SpringApplicationShutdownHook] o.s.i.endpoint.EventDrivenConsumer       : Removing {logging-channel-adapter:_org.springframework.integration.errorLogger} as a subscriber to the 'errorChannel' channel
2025-06-15T19:12:01.266+03:00  INFO 32884 --- [job-service] [SpringApplicationShutdownHook] o.s.i.channel.PublishSubscribeChannel    : Channel 'job-service.errorChannel' has 0 subscriber(s).
2025-06-15T19:12:01.266+03:00  INFO 32884 --- [job-service] [SpringApplicationShutdownHook] o.s.i.endpoint.EventDrivenConsumer       : stopped bean '_org.springframework.integration.errorLogger'
2025-06-15T19:12:01.287+03:00  INFO 32884 --- [job-service] [SpringApplicationShutdownHook] com.netflix.discovery.DiscoveryClient    : Shutting down DiscoveryClient ...
2025-06-15T19:12:04.288+03:00  INFO 32884 --- [job-service] [SpringApplicationShutdownHook] com.netflix.discovery.DiscoveryClient    : Unregistering ...
2025-06-15T19:12:04.295+03:00  INFO 32884 --- [job-service] [SpringApplicationShutdownHook] com.netflix.discovery.DiscoveryClient    : DiscoveryClient_JOB-SERVICE/Dincer.mshome.net:job-service:8082 - deregister  status: 200
2025-06-15T19:12:04.295+03:00  INFO 32884 --- [job-service] [SpringApplicationShutdownHook] com.netflix.discovery.DiscoveryClient    : Completed shut down of DiscoveryClient
